[debug] [2022-05-19T18:59:54.400Z] ----------------------------------------------------------------------
[debug] [2022-05-19T18:59:54.402Z] Command:       /usr/local/bin/node /usr/local/bin/firebase deploy
[debug] [2022-05-19T18:59:54.402Z] CLI Version:   10.6.0
[debug] [2022-05-19T18:59:54.402Z] Platform:      darwin
[debug] [2022-05-19T18:59:54.402Z] Node Version:  v16.14.2
[debug] [2022-05-19T18:59:54.409Z] Time:          Thu May 19 2022 18:59:54 GMT+0000 (heure moyenne de Greenwich)
[debug] [2022-05-19T18:59:54.409Z] ----------------------------------------------------------------------
[debug] 
[debug] [2022-05-19T18:59:54.412Z] >>> [apiv2][query] GET https://firebase-public.firebaseio.com/cli.json [none]
[debug] [2022-05-19T18:59:54.489Z] > command requires scopes: ["email","openid","https://www.googleapis.com/auth/cloudplatformprojects.readonly","https://www.googleapis.com/auth/firebase","https://www.googleapis.com/auth/cloud-platform"]
[debug] [2022-05-19T18:59:54.489Z] > authorizing via signed-in user (achoroche@gmail.com)
[debug] [2022-05-19T18:59:54.489Z] [iam] checking project warmko-2d8f3 for permissions ["firebase.projects.get","firebasehosting.sites.update"]
[debug] [2022-05-19T18:59:54.490Z] > refreshing access token with scopes: []
[debug] [2022-05-19T18:59:54.491Z] >>> HTTP REQUEST POST https://www.googleapis.com/oauth2/v3/token  
 <request body omitted>
[debug] [2022-05-19T19:00:15.984Z] [iam] error while checking permissions, command may fail: FirebaseError: Authentication Error: Your credentials are no longer valid. Please run firebase login --reauth

For CI servers and headless environments, generate a new token with firebase login:ci
[debug] [2022-05-19T19:00:15.985Z] > refreshing access token with scopes: []
[debug] [2022-05-19T19:00:15.985Z] >>> HTTP REQUEST POST https://www.googleapis.com/oauth2/v3/token  
 <request body omitted>
[debug] [2022-05-19T19:00:22.910Z] <<< [apiv2][status] GET https://firebase-public.firebaseio.com/cli.json 200
[debug] [2022-05-19T19:00:22.910Z] <<< [apiv2][body] GET https://firebase-public.firebaseio.com/cli.json {"cloudBuildErrorAfter":1594252800000,"cloudBuildWarnAfter":1590019200000,"defaultNode10After":1594252800000,"minVersion":"3.0.5","node8DeploysDisabledAfter":1613390400000,"node8RuntimeDisabledAfter":1615809600000,"node8WarnAfter":1600128000000}
[debug] [2022-05-19T19:00:27.837Z] <<< HTTP RESPONSE 200 {"cache-control":"no-cache, no-store, max-age=0, must-revalidate","date":"Thu, 19 May 2022 19:00:23 GMT","expires":"Mon, 01 Jan 1990 00:00:00 GMT","pragma":"no-cache","content-type":"application/json; charset=utf-8","vary":"X-Origin, Referer, Origin,Accept-Encoding","server":"scaffolding on HTTPServer2","x-xss-protection":"0","x-frame-options":"SAMEORIGIN","x-content-type-options":"nosniff","alt-svc":"h3=\":443\"; ma=2592000,h3-29=\":443\"; ma=2592000,h3-Q050=\":443\"; ma=2592000,h3-Q046=\":443\"; ma=2592000,h3-Q043=\":443\"; ma=2592000,quic=\":443\"; ma=2592000; v=\"46,43\"","accept-ranges":"none","transfer-encoding":"chunked"}
[debug] [2022-05-19T19:00:27.871Z] >>> [apiv2][query] GET https://firebase.googleapis.com/v1beta1/projects/warmko-2d8f3 [none]
[debug] [2022-05-19T19:00:29.101Z] <<< [apiv2][status] GET https://firebase.googleapis.com/v1beta1/projects/warmko-2d8f3 403
[debug] [2022-05-19T19:00:29.101Z] <<< [apiv2][body] GET https://firebase.googleapis.com/v1beta1/projects/warmko-2d8f3 {"error":{"code":403,"message":"The caller does not have permission","status":"PERMISSION_DENIED"}}
[debug] [2022-05-19T19:00:29.102Z] HTTP Error: 403, The caller does not have permission
[debug] [2022-05-19T19:00:30.259Z] FirebaseError: HTTP Error: 403, The caller does not have permission
    at module.exports (/usr/local/lib/node_modules/firebase-tools/lib/responseToError.js:47:12)
    at RetryOperation._fn (/usr/local/lib/node_modules/firebase-tools/lib/apiv2.js:286:39)
    at processTicksAndRejections (node:internal/process/task_queues:96:5)
[error] 
[error] Error: Failed to get Firebase project warmko-2d8f3. Please make sure the project exists and your account has permission to access it.
